<?xml version="1.0" encoding="UTF-8"?>
<testng-results skipped="0" failed="0" ignored="0" total="1" passed="1">
  <reporter-output>
  </reporter-output>
  <suite name="Default suite" duration-ms="45503" started-at="2017-08-01T20:23:08Z" finished-at="2017-08-01T20:23:54Z">
    <groups>
    </groups>
    <test name="Default test" duration-ms="45503" started-at="2017-08-01T20:23:08Z" finished-at="2017-08-01T20:23:54Z">
      <class name="com.upload.file.UploadFile_Chrome">
        <test-method status="PASS" signature="beforeClass()[pri:0, instance:com.upload.file.UploadFile_Chrome@1794d431]" name="beforeClass" is-config="true" duration-ms="9968" started-at="2017-08-01T16:23:08Z" finished-at="2017-08-01T16:23:18Z">
          <reporter-output>
          </reporter-output>
        </test-method> <!-- beforeClass -->
        <test-method status="PASS" signature="Test()[pri:0, instance:com.upload.file.UploadFile_Chrome@1794d431]" name="Test" duration-ms="35086" started-at="2017-08-01T16:23:18Z" finished-at="2017-08-01T16:23:53Z">
          <reporter-output>
          </reporter-output>
        </test-method> <!-- Test -->
        <test-method status="PASS" signature="tearDown(org.testng.ITestResult)[pri:0, instance:com.upload.file.UploadFile_Chrome@1794d431]" name="tearDown" is-config="true" duration-ms="0" started-at="2017-08-01T16:23:53Z" finished-at="2017-08-01T16:23:53Z">
          <params>
            <param index="0">
              <value>
                <![CDATA[[TestResult name=Test status=SUCCESS method=UploadFile_Chrome.Test()[pri:0, instance:com.upload.file.UploadFile_Chrome@1794d431] output={null}]]]>
              </value>
            </param>
          </params>
          <reporter-output>
          </reporter-output>
        </test-method> <!-- tearDown -->
        <test-method status="PASS" signature="AfterClass()[pri:0, instance:com.upload.file.UploadFile_Chrome@1794d431]" name="AfterClass" is-config="true" duration-ms="431" started-at="2017-08-01T16:23:53Z" finished-at="2017-08-01T16:23:54Z">
          <reporter-output>
          </reporter-output>
        </test-method> <!-- AfterClass -->
      </class> <!-- com.upload.file.UploadFile_Chrome -->
    </test> <!-- Default test -->
  </suite> <!-- Default suite -->
</testng-results>
